Arguments: 
  /usr/local/Cellar/node/8.9.0/bin/node /usr/local/Cellar/yarn/1.3.2/libexec/bin/yarn.js install

PATH: 
  /usr/local/bin:/Users/robert/.cabal/bin:/Users/robert/.local/bin:/Users/robert/source/workspaces/go/bin:/usr/bin:/bin:/usr/sbin:/sbin:/opt/X11/bin:/Applications/VMware Fusion.app/Contents/Public:/usr/local/MacGPG2/bin:/Library/TeX/texbin

Yarn version: 
  1.3.2

Node version: 
  8.9.0

Platform: 
  darwin x64

npm manifest: 
  {
    "name": "eatthisradio",
    "version": "1.0.0",
    "main": "src/index.js",
    "author": "Robert den Harink",
    "license": "MIT",
    "private": true,
    "dependencies": {
      "jquery": "^3.2.1",
    },
    "scripts": {
      "build": "webpack -p"
    },
    "devDependencies": {
      "babel-cli": "^6.26.0",
      "babel-core": "^6.26.0",
      "babel-loader": "^7.1.2",
      "babel-preset-env": "^1.6.1",
      "uglifyjs-webpack-plugin": "^1.1.6",
      "webpack": "^3.10.0"
    }
  }

yarn manifest: 
  No manifest

Lockfile: 
  No lockfile

Trace: 
  SyntaxError: /Users/robert/source/github.com/Rauwekost/eatthisradio/themes/eatthisradio-2018/package.json: Unexpected token } in JSON at position 194
      at JSON.parse (<anonymous>)
      at /usr/local/Cellar/yarn/1.3.2/libexec/lib/cli.js:770:59
      at Generator.next (<anonymous>)
      at step (/usr/local/Cellar/yarn/1.3.2/libexec/lib/cli.js:92:30)
      at /usr/local/Cellar/yarn/1.3.2/libexec/lib/cli.js:103:13
      at <anonymous>
